[demo.w3layouts.com/demos_new/template_demo/15-09-2018/travel_login_form-demo_Free/2128478634/web/index.html]
[backblue.gif]
[fade.gif]
[index.html]
[demo.w3layouts.com/demos_new/template_demo/15-09-2018/travel_login_form-demo_Free/2128478634/web/css/style.css]
[ajax.googleapis.com/ajax/libs/jquery/1.10.2/jquery.min.js]
[m.servedby-buysellads.com/monetization.js]
[codefund.io/properties/441/funder.js]
[demo.w3layouts.com/images/demobar_w3_4thDec2019.css]
[demo.w3layouts.com/js/autotrack.js]
[demo.w3layouts.com/demos_new/template_demo/15-09-2018/travel_login_form-demo_Free/2128478634/web/images/logo.png]
[demo.w3layouts.com/demos_new/template_demo/15-09-2018/travel_login_form-demo_Free/2128478634/web/index.html]
[demo.w3layouts.com/demos_new/template_demo/15-09-2018/travel_login_form-demo_Free/2128478634/web/images/2.jpg]
[demo.w3layouts.com/demos_new/template_demo/15-09-2018/travel_login_form-demo_Free/2128478634/web/css/style.css]
[demo.w3layouts.com/images/W3Layouts-light.html]
[demo.w3layouts.com/images/demobar_w3_4thDec2019.css]
[demo.w3layouts.com/demos_new/template_demo/15-09-2018/travel_login_form-demo_Free/2128478634/web/images/logo.html]
[demo.w3layouts.com/assets/css/fonts/linecons/css/linecons.html]
[demo.w3layouts.com/assets/css/fonts/fontawesome/css/font-awesome.min.html]
[demo.w3layouts.com/assets/css/bootstrap.html]
[demo.w3layouts.com/assets/css/xenon-core.html]
[demo.w3layouts.com/assets/css/xenon-forms.html]
[demo.w3layouts.com/assets/css/xenon-components.html]
[demo.w3layouts.com/assets/css/xenon-skins.html]
[demo.w3layouts.com/assets/css/custom.html]
[demo.w3layouts.com/assets/js/jquery-1.11.1.min.html]
[demo.w3layouts.com/assets/js/bootstrap.min.html]
[demo.w3layouts.com/assets/js/TweenMax.min.html]
[demo.w3layouts.com/assets/js/resizeable.html]
[demo.w3layouts.com/assets/js/joinable.html]
[demo.w3layouts.com/assets/js/xenon-api.html]
[demo.w3layouts.com/assets/js/xenon-toggles.html]
[demo.w3layouts.com/assets/js/xenon-custom.html]
[demo.w3layouts.com/images/W3Layouts-light.html]
[demo.w3layouts.com/assets/css/fonts/linecons/css/linecons.html]
[demo.w3layouts.com/assets/css/fonts/fontawesome/css/font-awesome.min.html]
[demo.w3layouts.com/assets/css/bootstrap.html]
[demo.w3layouts.com/assets/css/xenon-core.html]
[demo.w3layouts.com/assets/css/xenon-forms.html]
[demo.w3layouts.com/assets/css/xenon-components.html]
[demo.w3layouts.com/assets/css/xenon-skins.html]
[demo.w3layouts.com/assets/css/custom.html]
[demo.w3layouts.com/assets/js/jquery-1.11.1.min.html]
[demo.w3layouts.com/assets/js/bootstrap.min.html]
[demo.w3layouts.com/assets/js/TweenMax.min.html]
[demo.w3layouts.com/assets/js/resizeable.html]
[demo.w3layouts.com/assets/js/joinable.html]
[demo.w3layouts.com/assets/js/xenon-api.html]
[demo.w3layouts.com/assets/js/xenon-toggles.html]
[demo.w3layouts.com/assets/js/xenon-custom.html]
